0 info it worked if it ends with ok
1 verbose cli [ '/Users/craigspaeth/.nvm/versions/v6.3.0/bin/node',
1 verbose cli   '/Users/craigspaeth/.nvm/versions/v6.3.0/bin/npm',
1 verbose cli   'run',
1 verbose cli   'node',
1 verbose cli   '.' ]
2 info using npm@3.10.3
3 info using node@v6.3.0
4 verbose run-script [ 'prenode', 'node', 'postnode' ]
5 info lifecycle team@0.0.1~prenode: team@0.0.1
6 silly lifecycle team@0.0.1~prenode: no script for prenode, continuing
7 info lifecycle team@0.0.1~node: team@0.0.1
8 verbose lifecycle team@0.0.1~node: unsafe-perm in lifecycle true
9 verbose lifecycle team@0.0.1~node: PATH: /Users/craigspaeth/.nvm/versions/v6.3.0/lib/node_modules/npm/bin/node-gyp-bin:/Users/craigspaeth/team-navigator/node_modules/.bin:/Users/craigspaeth/.nvm/versions/v6.3.0/bin:/Users/craigspaeth/.nvm/versions/v6.3.0/lib/node_modules/npm/bin/node-gyp-bin:/Users/craigspaeth/team-navigator/node_modules/.bin:/Users/craigspaeth/.nvm/versions/v6.3.0/bin:/craigspaeth.rvm/gems/ruby-2.2.2/bin:/craigspaeth.rvm/gems/ruby-2.2.2@global/bin:/craigspaeth.rvm/rubies/ruby-2.2.2/bin:/Users/craigspaeth/.nvm/versions/v6.3.0/bin:/usr/local/heroku/bin:/usr/local/bin:/usr/local/sbin:~/bin:/usr/local/bin:/usr/bin:/bin:/usr/sbin:/sbin:/usr/local/bin:/usr/local/bin:/usr/bin:/bin:/usr/sbin:/sbin:/Users/craigspaeth/adt-bundle-mac-x86_64-20130522/sdk/platform-tools:/craigspaeth.rvm/bin
10 verbose lifecycle team@0.0.1~node: CWD: /Users/craigspaeth/team-navigator
11 silly lifecycle team@0.0.1~node: Args: [ '-c',
11 silly lifecycle   'NODE_PATH=$NODE_PATH:./lib node -r dotenv/config -r babel-core/register "."' ]
12 silly lifecycle team@0.0.1~node: Returned: code: 1  signal: null
13 info lifecycle team@0.0.1~node: Failed to exec node script
14 verbose stack Error: team@0.0.1 node: `NODE_PATH=$NODE_PATH:./lib node -r dotenv/config -r babel-core/register "."`
14 verbose stack Exit status 1
14 verbose stack     at EventEmitter.<anonymous> (/Users/craigspaeth/.nvm/versions/v6.3.0/lib/node_modules/npm/lib/utils/lifecycle.js:242:16)
14 verbose stack     at emitTwo (events.js:106:13)
14 verbose stack     at EventEmitter.emit (events.js:191:7)
14 verbose stack     at ChildProcess.<anonymous> (/Users/craigspaeth/.nvm/versions/v6.3.0/lib/node_modules/npm/lib/utils/spawn.js:40:14)
14 verbose stack     at emitTwo (events.js:106:13)
14 verbose stack     at ChildProcess.emit (events.js:191:7)
14 verbose stack     at maybeClose (internal/child_process.js:852:16)
14 verbose stack     at Process.ChildProcess._handle.onexit (internal/child_process.js:215:5)
15 verbose pkgid team@0.0.1
16 verbose cwd /Users/craigspaeth/team-navigator
17 error Darwin 15.6.0
18 error argv "/Users/craigspaeth/.nvm/versions/v6.3.0/bin/node" "/Users/craigspaeth/.nvm/versions/v6.3.0/bin/npm" "run" "node" "."
19 error node v6.3.0
20 error npm  v3.10.3
21 error code ELIFECYCLE
22 error team@0.0.1 node: `NODE_PATH=$NODE_PATH:./lib node -r dotenv/config -r babel-core/register "."`
22 error Exit status 1
23 error Failed at the team@0.0.1 node script 'NODE_PATH=$NODE_PATH:./lib node -r dotenv/config -r babel-core/register "."'.
23 error Make sure you have the latest version of node.js and npm installed.
23 error If you do, this is most likely a problem with the team package,
23 error not with npm itself.
23 error Tell the author that this fails on your system:
23 error     NODE_PATH=$NODE_PATH:./lib node -r dotenv/config -r babel-core/register "."
23 error You can get information on how to open an issue for this project with:
23 error     npm bugs team
23 error Or if that isn't available, you can get their info via:
23 error     npm owner ls team
23 error There is likely additional logging output above.
24 verbose exit [ 1, true ]
